0 silly argv {
0 silly argv   _: [ 'run' ],
0 silly argv   lernaVersion: '8.1.2',
0 silly argv   '$0': '../../../.pnpm/store/global/5/node_modules/lerna/dist/cli.js',
0 silly argv   script: 'build'
0 silly argv }
1 notice cli v8.1.2
2 verbose packageConfigs Explicit "packages" configuration found in lerna.json. Resolving packages using the configured glob(s): ["packages/*"]
3 verbose rootPath /Users/tree/Documents/study-project/npm
4 error Error: The following projects are defined in multiple locations:
4 error - types:
4 error   - packages/core
4 error   - packages/types
4 error
4 error To fix this, set a unique name for each project in a project.json inside the project's root. If the project does not currently have a project.json, you can create one that contains only a name.
4 error     at readProjectConfigurationsFromRootMap (/Users/tree/.pnpm/store/global/5/.pnpm/nx@18.2.2/node_modules/nx/src/project-graph/utils/project-configuration-utils.js:385:15)
4 error     at /Users/tree/.pnpm/store/global/5/.pnpm/nx@18.2.2/node_modules/nx/src/project-graph/utils/project-configuration-utils.js:328:26
4 error     at async buildProjectGraphAndSourceMapsWithoutDaemon (/Users/tree/.pnpm/store/global/5/.pnpm/nx@18.2.2/node_modules/nx/src/project-graph/project-graph.js:79:31)
4 error     at async createProjectGraphAndSourceMapsAsync (/Users/tree/.pnpm/store/global/5/.pnpm/nx@18.2.2/node_modules/nx/src/project-graph/project-graph.js:240:25)
4 error     at async createProjectGraphAsync (/Users/tree/.pnpm/store/global/5/.pnpm/nx@18.2.2/node_modules/nx/src/project-graph/project-graph.js:229:39)
4 error     at async detectProjects (/Users/tree/.pnpm/store/global/5/.pnpm/lerna@8.1.2/node_modules/lerna/dist/index.js:1563:25)
